Created by PLY version 3.11 (http://www.dabeaz.com/ply)

Grammar

Rule 0     S' -> ServerAssign_Connection
Rule 1     ServerAssign_Connection -> CONNECT SPACE TO SPACE SERVER SPACE NAME

Terminals, with rules where they appear

CONNECT              : 1
NAME                 : 1
SERVER               : 1
SPACE                : 1 1 1
TO                   : 1
error                : 

Nonterminals, with rules where they appear

ServerAssign_Connection : 0

Parsing method: LALR

state 0

    (0) S' -> . ServerAssign_Connection
    (1) ServerAssign_Connection -> . CONNECT SPACE TO SPACE SERVER SPACE NAME

    CONNECT         shift and go to state 2

    ServerAssign_Connection        shift and go to state 1

state 1

    (0) S' -> ServerAssign_Connection .



state 2

    (1) ServerAssign_Connection -> CONNECT . SPACE TO SPACE SERVER SPACE NAME

    SPACE           shift and go to state 3


state 3

    (1) ServerAssign_Connection -> CONNECT SPACE . TO SPACE SERVER SPACE NAME

    TO              shift and go to state 4


state 4

    (1) ServerAssign_Connection -> CONNECT SPACE TO . SPACE SERVER SPACE NAME

    SPACE           shift and go to state 5


state 5

    (1) ServerAssign_Connection -> CONNECT SPACE TO SPACE . SERVER SPACE NAME

    SERVER          shift and go to state 6


state 6

    (1) ServerAssign_Connection -> CONNECT SPACE TO SPACE SERVER . SPACE NAME

    SPACE           shift and go to state 7


state 7

    (1) ServerAssign_Connection -> CONNECT SPACE TO SPACE SERVER SPACE . NAME

    NAME            shift and go to state 8


state 8

    (1) ServerAssign_Connection -> CONNECT SPACE TO SPACE SERVER SPACE NAME .

    $end            reduce using rule 1 (ServerAssign_Connection -> CONNECT SPACE TO SPACE SERVER SPACE NAME .)

